<?xml version="1.0" encoding="UTF-8"?>
<coverage generated="1526963498520" clover="3.2.0">
  <project timestamp="1526963498520" name="All files">
    <metrics statements="23" coveredstatements="19" conditionals="6" coveredconditionals="5" methods="2" coveredmethods="2" elements="31" coveredelements="26" complexity="0" loc="23" ncloc="23" packages="2" files="2" classes="2">
      <package name="array_binary_search.lib">
        <metrics statements="8" coveredstatements="8" conditionals="4" coveredconditionals="4" methods="1" coveredmethods="1"/>
        <file name="array_binary_search.js" path="/Users/michaellennerblom/codefellows/401/labs/data-structures-and-algorithms/array_binary_search/lib/array_binary_search.js">
          <metrics statements="8" coveredstatements="8" conditionals="4" coveredconditionals="4" methods="1" coveredmethods="1"/>
          <line num="4" count="3" type="stmt"/>
          <line num="5" count="3" type="stmt"/>
          <line num="6" count="4469" type="cond" truecount="2" falsecount="0"/>
          <line num="7" count="2" type="stmt"/>
          <line num="9" count="4467" type="stmt"/>
          <line num="10" count="4467" type="cond" truecount="2" falsecount="0"/>
          <line num="11" count="1" type="stmt"/>
          <line num="17" count="1" type="stmt"/>
        </file>
      </package>
      <package name="array_shift.lib">
        <metrics statements="15" coveredstatements="11" conditionals="2" coveredconditionals="1" methods="1" coveredmethods="1"/>
        <file name="array_shift.js" path="/Users/michaellennerblom/codefellows/401/labs/data-structures-and-algorithms/array_shift/lib/array_shift.js">
          <metrics statements="15" coveredstatements="11" conditionals="2" coveredconditionals="1" methods="1" coveredmethods="1"/>
          <line num="4" count="1" type="stmt"/>
          <line num="5" count="1" type="stmt"/>
          <line num="6" count="1" type="cond" truecount="1" falsecount="1"/>
          <line num="7" count="1" type="stmt"/>
          <line num="9" count="1" type="stmt"/>
          <line num="11" count="0" type="stmt"/>
          <line num="12" count="0" type="stmt"/>
          <line num="14" count="1" type="stmt"/>
          <line num="15" count="0" type="stmt"/>
          <line num="16" count="0" type="stmt"/>
          <line num="18" count="1" type="stmt"/>
          <line num="19" count="1" type="stmt"/>
          <line num="20" count="2" type="stmt"/>
          <line num="23" count="1" type="stmt"/>
          <line num="27" count="1" type="stmt"/>
        </file>
      </package>
    </metrics>
  </project>
</coverage>
