<?xml version="1.0" encoding="UTF-8"?>
<coverage generated="1528063082350" clover="3.2.0">
  <project timestamp="1528063082350" name="All files">
    <metrics statements="23" coveredstatements="2" conditionals="6" coveredconditionals="0" methods="2" coveredmethods="0" elements="31" coveredelements="2" complexity="0" loc="23" ncloc="23" packages="2" files="2" classes="2">
      <package name="array_binary_search.lib">
        <metrics statements="8" coveredstatements="1" conditionals="4" coveredconditionals="0" methods="1" coveredmethods="0"/>
        <file name="array_binary_search.js" path="/Users/michaellennerblom/codefellows/401/labs/data-structures-and-algorithms/array_binary_search/lib/array_binary_search.js">
          <metrics statements="8" coveredstatements="1" conditionals="4" coveredconditionals="0" methods="1" coveredmethods="0"/>
          <line num="54" count="0" type="stmt"/>
          <line num="55" count="0" type="stmt"/>
          <line num="56" count="0" type="cond" truecount="0" falsecount="2"/>
          <line num="57" count="0" type="stmt"/>
          <line num="59" count="0" type="stmt"/>
          <line num="60" count="0" type="cond" truecount="0" falsecount="2"/>
          <line num="61" count="0" type="stmt"/>
          <line num="67" count="1" type="stmt"/>
        </file>
      </package>
      <package name="array_shift.lib">
        <metrics statements="15" coveredstatements="1" conditionals="2" coveredconditionals="0" methods="1" coveredmethods="0"/>
        <file name="array_shift.js" path="/Users/michaellennerblom/codefellows/401/labs/data-structures-and-algorithms/array_shift/lib/array_shift.js">
          <metrics statements="15" coveredstatements="1" conditionals="2" coveredconditionals="0" methods="1" coveredmethods="0"/>
          <line num="4" count="0" type="stmt"/>
          <line num="5" count="0" type="stmt"/>
          <line num="6" count="0" type="cond" truecount="0" falsecount="2"/>
          <line num="7" count="0" type="stmt"/>
          <line num="9" count="0" type="stmt"/>
          <line num="11" count="0" type="stmt"/>
          <line num="12" count="0" type="stmt"/>
          <line num="14" count="0" type="stmt"/>
          <line num="15" count="0" type="stmt"/>
          <line num="16" count="0" type="stmt"/>
          <line num="18" count="0" type="stmt"/>
          <line num="19" count="0" type="stmt"/>
          <line num="20" count="0" type="stmt"/>
          <line num="23" count="0" type="stmt"/>
          <line num="27" count="1" type="stmt"/>
        </file>
      </package>
    </metrics>
  </project>
</coverage>
