TN:
SF:/Users/michaellennerblom/codefellows/401/labs/data-structures-and-algorithms/array_binary_search/lib/array_binary_search.js
FN:3,BinarySearch
FNF:1
FNH:1
FNDA:3,BinarySearch
DA:4,3
DA:5,3
DA:6,4469
DA:7,2
DA:9,4467
DA:10,4467
DA:11,1
DA:17,1
LF:8
LH:8
BRDA:6,0,0,2
BRDA:6,0,1,4467
BRDA:10,1,0,1
BRDA:10,1,1,4466
BRF:4
BRH:4
end_of_record
TN:
SF:/Users/michaellennerblom/codefellows/401/labs/data-structures-and-algorithms/array_shift/lib/array_shift.js
FN:3,insertShiftArray
FNF:1
FNH:1
FNDA:1,insertShiftArray
DA:4,1
DA:5,1
DA:6,1
DA:7,1
DA:9,1
DA:11,0
DA:12,0
DA:14,1
DA:15,0
DA:16,0
DA:18,1
DA:19,1
DA:20,2
DA:23,1
DA:27,1
LF:15
LH:11
BRDA:6,0,0,1
BRDA:6,0,1,0
BRF:2
BRH:1
end_of_record
